/home/1/16B14626/.local/lib/python3.6/site-packages/scipy/stats/stats.py:3845: PearsonRConstantInputWarning: An input array is constant; the correlation coefficent is not defined.
  warnings.warn(PearsonRConstantInputWarning())
/home/1/16B14626/.local/lib/python3.6/site-packages/scipy/stats/stats.py:3845: PearsonRConstantInputWarning: An input array is constant; the correlation coefficent is not defined.
  warnings.warn(PearsonRConstantInputWarning())
/home/1/16B14626/.local/lib/python3.6/site-packages/scipy/stats/stats.py:3845: PearsonRConstantInputWarning: An input array is constant; the correlation coefficent is not defined.
  warnings.warn(PearsonRConstantInputWarning())
Traceback (most recent call last):
  File "data_prepro.py", line 222, in <module>
    print(f'np.count_nonzero(np.isnan(data_dynamic)):{np.count_nonzero(np.isnan(data_dynamic))}')
NameError: name 'data_dynamic' is not defined
/home/1/16B14626/.local/lib/python3.6/site-packages/scipy/stats/stats.py:3845: PearsonRConstantInputWarning: An input array is constant; the correlation coefficent is not defined.
  warnings.warn(PearsonRConstantInputWarning())
/home/1/16B14626/.local/lib/python3.6/site-packages/scipy/stats/stats.py:3845: PearsonRConstantInputWarning: An input array is constant; the correlation coefficent is not defined.
  warnings.warn(PearsonRConstantInputWarning())
/home/1/16B14626/.local/lib/python3.6/site-packages/scipy/stats/stats.py:3845: PearsonRConstantInputWarning: An input array is constant; the correlation coefficent is not defined.
  warnings.warn(PearsonRConstantInputWarning())
/home/1/16B14626/.local/lib/python3.6/site-packages/scipy/stats/stats.py:3845: PearsonRConstantInputWarning: An input array is constant; the correlation coefficent is not defined.
  warnings.warn(PearsonRConstantInputWarning())
Traceback (most recent call last):
  File "data_prepro.py", line 222, in <module>
    print(f'np.count_nonzero(np.isnan(data_dynamic)):{np.count_nonzero(np.isnan(data_dynamic))}')
NameError: name 'data_dynamic' is not defined
Traceback (most recent call last):
  File "data_prepro.py", line 222, in <module>
    print(dt_now.strftime('%Y年%m月%d日 %H:%M:%S'))
NameError: name 'data_dynamic' is not defined
/home/1/16B14626/.local/lib/python3.6/site-packages/scipy/stats/stats.py:3845: PearsonRConstantInputWarning: An input array is constant; the correlation coefficent is not defined.
  warnings.warn(PearsonRConstantInputWarning())
/home/1/16B14626/.local/lib/python3.6/site-packages/scipy/stats/stats.py:3845: PearsonRConstantInputWarning: An input array is constant; the correlation coefficent is not defined.
  warnings.warn(PearsonRConstantInputWarning())
/home/1/16B14626/.local/lib/python3.6/site-packages/scipy/stats/stats.py:3845: PearsonRConstantInputWarning: An input array is constant; the correlation coefficent is not defined.
  warnings.warn(PearsonRConstantInputWarning())
/home/1/16B14626/.local/lib/python3.6/site-packages/scipy/stats/stats.py:3845: PearsonRConstantInputWarning: An input array is constant; the correlation coefficent is not defined.
  warnings.warn(PearsonRConstantInputWarning())
/home/1/16B14626/.local/lib/python3.6/site-packages/scipy/stats/stats.py:3845: PearsonRConstantInputWarning: An input array is constant; the correlation coefficent is not defined.
  warnings.warn(PearsonRConstantInputWarning())
/home/1/16B14626/.local/lib/python3.6/site-packages/scipy/stats/stats.py:3845: PearsonRConstantInputWarning: An input array is constant; the correlation coefficent is not defined.
  warnings.warn(PearsonRConstantInputWarning())
/home/1/16B14626/.local/lib/python3.6/site-packages/scipy/stats/stats.py:3845: PearsonRConstantInputWarning: An input array is constant; the correlation coefficent is not defined.
  warnings.warn(PearsonRConstantInputWarning())
/home/1/16B14626/.local/lib/python3.6/site-packages/scipy/stats/stats.py:3845: PearsonRConstantInputWarning: An input array is constant; the correlation coefficent is not defined.
  warnings.warn(PearsonRConstantInputWarning())
/home/1/16B14626/.local/lib/python3.6/site-packages/scipy/stats/stats.py:3845: PearsonRConstantInputWarning: An input array is constant; the correlation coefficent is not defined.
  warnings.warn(PearsonRConstantInputWarning())
/home/1/16B14626/.local/lib/python3.6/site-packages/scipy/stats/stats.py:3845: PearsonRConstantInputWarning: An input array is constant; the correlation coefficent is not defined.
  warnings.warn(PearsonRConstantInputWarning())
/home/1/16B14626/.local/lib/python3.6/site-packages/scipy/stats/stats.py:3845: PearsonRConstantInputWarning: An input array is constant; the correlation coefficent is not defined.
  warnings.warn(PearsonRConstantInputWarning())
/home/1/16B14626/.local/lib/python3.6/site-packages/scipy/stats/stats.py:3845: PearsonRConstantInputWarning: An input array is constant; the correlation coefficent is not defined.
  warnings.warn(PearsonRConstantInputWarning())
/home/1/16B14626/.local/lib/python3.6/site-packages/scipy/stats/stats.py:3845: PearsonRConstantInputWarning: An input array is constant; the correlation coefficent is not defined.
  warnings.warn(PearsonRConstantInputWarning())
/home/1/16B14626/.local/lib/python3.6/site-packages/scipy/stats/stats.py:3845: PearsonRConstantInputWarning: An input array is constant; the correlation coefficent is not defined.
  warnings.warn(PearsonRConstantInputWarning())
/home/1/16B14626/.local/lib/python3.6/site-packages/scipy/stats/stats.py:3845: PearsonRConstantInputWarning: An input array is constant; the correlation coefficent is not defined.
  warnings.warn(PearsonRConstantInputWarning())
/home/1/16B14626/.local/lib/python3.6/site-packages/scipy/stats/stats.py:3845: PearsonRConstantInputWarning: An input array is constant; the correlation coefficent is not defined.
  warnings.warn(PearsonRConstantInputWarning())
/home/1/16B14626/.local/lib/python3.6/site-packages/scipy/stats/stats.py:3845: PearsonRConstantInputWarning: An input array is constant; the correlation coefficent is not defined.
  warnings.warn(PearsonRConstantInputWarning())
/home/1/16B14626/.local/lib/python3.6/site-packages/scipy/stats/stats.py:3845: PearsonRConstantInputWarning: An input array is constant; the correlation coefficent is not defined.
  warnings.warn(PearsonRConstantInputWarning())
/home/1/16B14626/.local/lib/python3.6/site-packages/scipy/stats/stats.py:3845: PearsonRConstantInputWarning: An input array is constant; the correlation coefficent is not defined.
  warnings.warn(PearsonRConstantInputWarning())
/home/1/16B14626/.local/lib/python3.6/site-packages/scipy/stats/stats.py:3845: PearsonRConstantInputWarning: An input array is constant; the correlation coefficent is not defined.
  warnings.warn(PearsonRConstantInputWarning())
/home/1/16B14626/.local/lib/python3.6/site-packages/scipy/stats/stats.py:3845: PearsonRConstantInputWarning: An input array is constant; the correlation coefficent is not defined.
  warnings.warn(PearsonRConstantInputWarning())
/home/1/16B14626/.local/lib/python3.6/site-packages/scipy/stats/stats.py:3845: PearsonRConstantInputWarning: An input array is constant; the correlation coefficent is not defined.
  warnings.warn(PearsonRConstantInputWarning())
/home/1/16B14626/.local/lib/python3.6/site-packages/scipy/stats/stats.py:3845: PearsonRConstantInputWarning: An input array is constant; the correlation coefficent is not defined.
  warnings.warn(PearsonRConstantInputWarning())
/home/1/16B14626/.local/lib/python3.6/site-packages/scipy/stats/stats.py:3845: PearsonRConstantInputWarning: An input array is constant; the correlation coefficent is not defined.
  warnings.warn(PearsonRConstantInputWarning())
/home/1/16B14626/.local/lib/python3.6/site-packages/scipy/stats/stats.py:3845: PearsonRConstantInputWarning: An input array is constant; the correlation coefficent is not defined.
  warnings.warn(PearsonRConstantInputWarning())
/home/1/16B14626/.local/lib/python3.6/site-packages/scipy/stats/stats.py:3845: PearsonRConstantInputWarning: An input array is constant; the correlation coefficent is not defined.
  warnings.warn(PearsonRConstantInputWarning())
/home/1/16B14626/.local/lib/python3.6/site-packages/scipy/stats/stats.py:3845: PearsonRConstantInputWarning: An input array is constant; the correlation coefficent is not defined.
  warnings.warn(PearsonRConstantInputWarning())
/home/1/16B14626/.local/lib/python3.6/site-packages/scipy/stats/stats.py:3845: PearsonRConstantInputWarning: An input array is constant; the correlation coefficent is not defined.
  warnings.warn(PearsonRConstantInputWarning())
/home/1/16B14626/.local/lib/python3.6/site-packages/scipy/stats/stats.py:3845: PearsonRConstantInputWarning: An input array is constant; the correlation coefficent is not defined.
  warnings.warn(PearsonRConstantInputWarning())
/home/1/16B14626/.local/lib/python3.6/site-packages/scipy/stats/stats.py:3845: PearsonRConstantInputWarning: An input array is constant; the correlation coefficent is not defined.
  warnings.warn(PearsonRConstantInputWarning())
/home/1/16B14626/.local/lib/python3.6/site-packages/scipy/stats/stats.py:3845: PearsonRConstantInputWarning: An input array is constant; the correlation coefficent is not defined.
  warnings.warn(PearsonRConstantInputWarning())
/home/1/16B14626/.local/lib/python3.6/site-packages/scipy/stats/stats.py:3845: PearsonRConstantInputWarning: An input array is constant; the correlation coefficent is not defined.
  warnings.warn(PearsonRConstantInputWarning())
/home/1/16B14626/.local/lib/python3.6/site-packages/scipy/stats/stats.py:3845: PearsonRConstantInputWarning: An input array is constant; the correlation coefficent is not defined.
  warnings.warn(PearsonRConstantInputWarning())
/home/1/16B14626/.local/lib/python3.6/site-packages/scipy/stats/stats.py:3845: PearsonRConstantInputWarning: An input array is constant; the correlation coefficent is not defined.
  warnings.warn(PearsonRConstantInputWarning())
/home/1/16B14626/.local/lib/python3.6/site-packages/scipy/stats/stats.py:3845: PearsonRConstantInputWarning: An input array is constant; the correlation coefficent is not defined.
  warnings.warn(PearsonRConstantInputWarning())
/home/1/16B14626/.local/lib/python3.6/site-packages/scipy/stats/stats.py:3845: PearsonRConstantInputWarning: An input array is constant; the correlation coefficent is not defined.
  warnings.warn(PearsonRConstantInputWarning())
/home/1/16B14626/.local/lib/python3.6/site-packages/scipy/stats/stats.py:3845: PearsonRConstantInputWarning: An input array is constant; the correlation coefficent is not defined.
  warnings.warn(PearsonRConstantInputWarning())
/home/1/16B14626/.local/lib/python3.6/site-packages/scipy/stats/stats.py:3845: PearsonRConstantInputWarning: An input array is constant; the correlation coefficent is not defined.
  warnings.warn(PearsonRConstantInputWarning())
/home/1/16B14626/.local/lib/python3.6/site-packages/scipy/stats/stats.py:3845: PearsonRConstantInputWarning: An input array is constant; the correlation coefficent is not defined.
  warnings.warn(PearsonRConstantInputWarning())
/home/1/16B14626/.local/lib/python3.6/site-packages/scipy/stats/stats.py:3845: PearsonRConstantInputWarning: An input array is constant; the correlation coefficent is not defined.
  warnings.warn(PearsonRConstantInputWarning())
/home/1/16B14626/.local/lib/python3.6/site-packages/scipy/stats/stats.py:3845: PearsonRConstantInputWarning: An input array is constant; the correlation coefficent is not defined.
  warnings.warn(PearsonRConstantInputWarning())
/home/1/16B14626/.local/lib/python3.6/site-packages/scipy/stats/stats.py:3845: PearsonRConstantInputWarning: An input array is constant; the correlation coefficent is not defined.
  warnings.warn(PearsonRConstantInputWarning())
/home/1/16B14626/.local/lib/python3.6/site-packages/scipy/stats/stats.py:3845: PearsonRConstantInputWarning: An input array is constant; the correlation coefficent is not defined.
  warnings.warn(PearsonRConstantInputWarning())
/home/1/16B14626/.local/lib/python3.6/site-packages/scipy/stats/stats.py:3845: PearsonRConstantInputWarning: An input array is constant; the correlation coefficent is not defined.
  warnings.warn(PearsonRConstantInputWarning())
/home/1/16B14626/.local/lib/python3.6/site-packages/scipy/stats/stats.py:3845: PearsonRConstantInputWarning: An input array is constant; the correlation coefficent is not defined.
  warnings.warn(PearsonRConstantInputWarning())
/home/1/16B14626/.local/lib/python3.6/site-packages/scipy/stats/stats.py:3845: PearsonRConstantInputWarning: An input array is constant; the correlation coefficent is not defined.
  warnings.warn(PearsonRConstantInputWarning())
/home/1/16B14626/.local/lib/python3.6/site-packages/scipy/stats/stats.py:3845: PearsonRConstantInputWarning: An input array is constant; the correlation coefficent is not defined.
  warnings.warn(PearsonRConstantInputWarning())
/home/1/16B14626/.local/lib/python3.6/site-packages/scipy/stats/stats.py:3845: PearsonRConstantInputWarning: An input array is constant; the correlation coefficent is not defined.
  warnings.warn(PearsonRConstantInputWarning())
/home/1/16B14626/.local/lib/python3.6/site-packages/scipy/stats/stats.py:3845: PearsonRConstantInputWarning: An input array is constant; the correlation coefficent is not defined.
  warnings.warn(PearsonRConstantInputWarning())
/home/1/16B14626/.local/lib/python3.6/site-packages/scipy/stats/stats.py:3845: PearsonRConstantInputWarning: An input array is constant; the correlation coefficent is not defined.
  warnings.warn(PearsonRConstantInputWarning())
/home/1/16B14626/.local/lib/python3.6/site-packages/scipy/stats/stats.py:3845: PearsonRConstantInputWarning: An input array is constant; the correlation coefficent is not defined.
  warnings.warn(PearsonRConstantInputWarning())
/home/1/16B14626/.local/lib/python3.6/site-packages/scipy/stats/stats.py:3845: PearsonRConstantInputWarning: An input array is constant; the correlation coefficent is not defined.
  warnings.warn(PearsonRConstantInputWarning())
/home/1/16B14626/.local/lib/python3.6/site-packages/scipy/stats/stats.py:3845: PearsonRConstantInputWarning: An input array is constant; the correlation coefficent is not defined.
  warnings.warn(PearsonRConstantInputWarning())
/home/1/16B14626/.local/lib/python3.6/site-packages/scipy/stats/stats.py:3845: PearsonRConstantInputWarning: An input array is constant; the correlation coefficent is not defined.
  warnings.warn(PearsonRConstantInputWarning())
/home/1/16B14626/.local/lib/python3.6/site-packages/scipy/stats/stats.py:3845: PearsonRConstantInputWarning: An input array is constant; the correlation coefficent is not defined.
  warnings.warn(PearsonRConstantInputWarning())
/home/1/16B14626/.local/lib/python3.6/site-packages/scipy/stats/stats.py:3845: PearsonRConstantInputWarning: An input array is constant; the correlation coefficent is not defined.
  warnings.warn(PearsonRConstantInputWarning())
/home/1/16B14626/.local/lib/python3.6/site-packages/scipy/stats/stats.py:3845: PearsonRConstantInputWarning: An input array is constant; the correlation coefficent is not defined.
  warnings.warn(PearsonRConstantInputWarning())
/home/1/16B14626/.local/lib/python3.6/site-packages/scipy/stats/stats.py:3845: PearsonRConstantInputWarning: An input array is constant; the correlation coefficent is not defined.
  warnings.warn(PearsonRConstantInputWarning())
/home/1/16B14626/.local/lib/python3.6/site-packages/scipy/stats/stats.py:3845: PearsonRConstantInputWarning: An input array is constant; the correlation coefficent is not defined.
  warnings.warn(PearsonRConstantInputWarning())
/home/1/16B14626/.local/lib/python3.6/site-packages/scipy/stats/stats.py:3845: PearsonRConstantInputWarning: An input array is constant; the correlation coefficent is not defined.
  warnings.warn(PearsonRConstantInputWarning())
/home/1/16B14626/.local/lib/python3.6/site-packages/scipy/stats/stats.py:3845: PearsonRConstantInputWarning: An input array is constant; the correlation coefficent is not defined.
  warnings.warn(PearsonRConstantInputWarning())
/home/1/16B14626/.local/lib/python3.6/site-packages/scipy/stats/stats.py:3845: PearsonRConstantInputWarning: An input array is constant; the correlation coefficent is not defined.
  warnings.warn(PearsonRConstantInputWarning())
/home/1/16B14626/.local/lib/python3.6/site-packages/scipy/stats/stats.py:3845: PearsonRConstantInputWarning: An input array is constant; the correlation coefficent is not defined.
  warnings.warn(PearsonRConstantInputWarning())
/home/1/16B14626/.local/lib/python3.6/site-packages/scipy/stats/stats.py:3845: PearsonRConstantInputWarning: An input array is constant; the correlation coefficent is not defined.
  warnings.warn(PearsonRConstantInputWarning())
/home/1/16B14626/.local/lib/python3.6/site-packages/scipy/stats/stats.py:3845: PearsonRConstantInputWarning: An input array is constant; the correlation coefficent is not defined.
  warnings.warn(PearsonRConstantInputWarning())
/home/1/16B14626/.local/lib/python3.6/site-packages/scipy/stats/stats.py:3845: PearsonRConstantInputWarning: An input array is constant; the correlation coefficent is not defined.
  warnings.warn(PearsonRConstantInputWarning())
/home/1/16B14626/.local/lib/python3.6/site-packages/scipy/stats/stats.py:3845: PearsonRConstantInputWarning: An input array is constant; the correlation coefficent is not defined.
  warnings.warn(PearsonRConstantInputWarning())
/home/1/16B14626/.local/lib/python3.6/site-packages/scipy/stats/stats.py:3845: PearsonRConstantInputWarning: An input array is constant; the correlation coefficent is not defined.
  warnings.warn(PearsonRConstantInputWarning())
/home/1/16B14626/.local/lib/python3.6/site-packages/scipy/stats/stats.py:3845: PearsonRConstantInputWarning: An input array is constant; the correlation coefficent is not defined.
  warnings.warn(PearsonRConstantInputWarning())
/home/1/16B14626/.local/lib/python3.6/site-packages/scipy/stats/stats.py:3845: PearsonRConstantInputWarning: An input array is constant; the correlation coefficent is not defined.
  warnings.warn(PearsonRConstantInputWarning())
/home/1/16B14626/.local/lib/python3.6/site-packages/scipy/stats/stats.py:3845: PearsonRConstantInputWarning: An input array is constant; the correlation coefficent is not defined.
  warnings.warn(PearsonRConstantInputWarning())
/home/1/16B14626/.local/lib/python3.6/site-packages/scipy/stats/stats.py:3845: PearsonRConstantInputWarning: An input array is constant; the correlation coefficent is not defined.
  warnings.warn(PearsonRConstantInputWarning())
/home/1/16B14626/.local/lib/python3.6/site-packages/scipy/stats/stats.py:3845: PearsonRConstantInputWarning: An input array is constant; the correlation coefficent is not defined.
  warnings.warn(PearsonRConstantInputWarning())
/home/1/16B14626/.local/lib/python3.6/site-packages/scipy/stats/stats.py:3845: PearsonRConstantInputWarning: An input array is constant; the correlation coefficent is not defined.
  warnings.warn(PearsonRConstantInputWarning())
/home/1/16B14626/.local/lib/python3.6/site-packages/scipy/stats/stats.py:3845: PearsonRConstantInputWarning: An input array is constant; the correlation coefficent is not defined.
  warnings.warn(PearsonRConstantInputWarning())
/home/1/16B14626/.local/lib/python3.6/site-packages/scipy/stats/stats.py:3845: PearsonRConstantInputWarning: An input array is constant; the correlation coefficent is not defined.
  warnings.warn(PearsonRConstantInputWarning())
/home/1/16B14626/.local/lib/python3.6/site-packages/scipy/stats/stats.py:3845: PearsonRConstantInputWarning: An input array is constant; the correlation coefficent is not defined.
  warnings.warn(PearsonRConstantInputWarning())
/home/1/16B14626/.local/lib/python3.6/site-packages/scipy/stats/stats.py:3845: PearsonRConstantInputWarning: An input array is constant; the correlation coefficent is not defined.
  warnings.warn(PearsonRConstantInputWarning())
/home/1/16B14626/.local/lib/python3.6/site-packages/scipy/stats/stats.py:3845: PearsonRConstantInputWarning: An input array is constant; the correlation coefficent is not defined.
  warnings.warn(PearsonRConstantInputWarning())
/home/1/16B14626/.local/lib/python3.6/site-packages/scipy/stats/stats.py:3845: PearsonRConstantInputWarning: An input array is constant; the correlation coefficent is not defined.
  warnings.warn(PearsonRConstantInputWarning())
/home/1/16B14626/.local/lib/python3.6/site-packages/scipy/stats/stats.py:3845: PearsonRConstantInputWarning: An input array is constant; the correlation coefficent is not defined.
  warnings.warn(PearsonRConstantInputWarning())
/home/1/16B14626/.local/lib/python3.6/site-packages/scipy/stats/stats.py:3845: PearsonRConstantInputWarning: An input array is constant; the correlation coefficent is not defined.
  warnings.warn(PearsonRConstantInputWarning())
/home/1/16B14626/.local/lib/python3.6/site-packages/scipy/stats/stats.py:3845: PearsonRConstantInputWarning: An input array is constant; the correlation coefficent is not defined.
  warnings.warn(PearsonRConstantInputWarning())
/home/1/16B14626/.local/lib/python3.6/site-packages/scipy/stats/stats.py:3845: PearsonRConstantInputWarning: An input array is constant; the correlation coefficent is not defined.
  warnings.warn(PearsonRConstantInputWarning())
/home/1/16B14626/.local/lib/python3.6/site-packages/scipy/stats/stats.py:3845: PearsonRConstantInputWarning: An input array is constant; the correlation coefficent is not defined.
  warnings.warn(PearsonRConstantInputWarning())
/home/1/16B14626/.local/lib/python3.6/site-packages/scipy/stats/stats.py:3845: PearsonRConstantInputWarning: An input array is constant; the correlation coefficent is not defined.
  warnings.warn(PearsonRConstantInputWarning())
/home/1/16B14626/.local/lib/python3.6/site-packages/scipy/stats/stats.py:3845: PearsonRConstantInputWarning: An input array is constant; the correlation coefficent is not defined.
  warnings.warn(PearsonRConstantInputWarning())
/home/1/16B14626/.local/lib/python3.6/site-packages/scipy/stats/stats.py:3845: PearsonRConstantInputWarning: An input array is constant; the correlation coefficent is not defined.
  warnings.warn(PearsonRConstantInputWarning())
/home/1/16B14626/.local/lib/python3.6/site-packages/scipy/stats/stats.py:3845: PearsonRConstantInputWarning: An input array is constant; the correlation coefficent is not defined.
  warnings.warn(PearsonRConstantInputWarning())
/home/1/16B14626/.local/lib/python3.6/site-packages/scipy/stats/stats.py:3845: PearsonRConstantInputWarning: An input array is constant; the correlation coefficent is not defined.
  warnings.warn(PearsonRConstantInputWarning())
/home/1/16B14626/.local/lib/python3.6/site-packages/scipy/stats/stats.py:3845: PearsonRConstantInputWarning: An input array is constant; the correlation coefficent is not defined.
  warnings.warn(PearsonRConstantInputWarning())
/home/1/16B14626/.local/lib/python3.6/site-packages/scipy/stats/stats.py:3845: PearsonRConstantInputWarning: An input array is constant; the correlation coefficent is not defined.
  warnings.warn(PearsonRConstantInputWarning())
/home/1/16B14626/.local/lib/python3.6/site-packages/scipy/stats/stats.py:3845: PearsonRConstantInputWarning: An input array is constant; the correlation coefficent is not defined.
  warnings.warn(PearsonRConstantInputWarning())
/home/1/16B14626/.local/lib/python3.6/site-packages/scipy/stats/stats.py:3845: PearsonRConstantInputWarning: An input array is constant; the correlation coefficent is not defined.
  warnings.warn(PearsonRConstantInputWarning())
/home/1/16B14626/.local/lib/python3.6/site-packages/scipy/stats/stats.py:3845: PearsonRConstantInputWarning: An input array is constant; the correlation coefficent is not defined.
  warnings.warn(PearsonRConstantInputWarning())
/home/1/16B14626/.local/lib/python3.6/site-packages/scipy/stats/stats.py:3845: PearsonRConstantInputWarning: An input array is constant; the correlation coefficent is not defined.
  warnings.warn(PearsonRConstantInputWarning())
/home/1/16B14626/.local/lib/python3.6/site-packages/scipy/stats/stats.py:3845: PearsonRConstantInputWarning: An input array is constant; the correlation coefficent is not defined.
  warnings.warn(PearsonRConstantInputWarning())
/home/1/16B14626/.local/lib/python3.6/site-packages/scipy/stats/stats.py:3845: PearsonRConstantInputWarning: An input array is constant; the correlation coefficent is not defined.
  warnings.warn(PearsonRConstantInputWarning())
/home/1/16B14626/.local/lib/python3.6/site-packages/scipy/stats/stats.py:3845: PearsonRConstantInputWarning: An input array is constant; the correlation coefficent is not defined.
  warnings.warn(PearsonRConstantInputWarning())
/home/1/16B14626/.local/lib/python3.6/site-packages/scipy/stats/stats.py:3845: PearsonRConstantInputWarning: An input array is constant; the correlation coefficent is not defined.
  warnings.warn(PearsonRConstantInputWarning())
/home/1/16B14626/.local/lib/python3.6/site-packages/scipy/stats/stats.py:3845: PearsonRConstantInputWarning: An input array is constant; the correlation coefficent is not defined.
  warnings.warn(PearsonRConstantInputWarning())
/home/1/16B14626/.local/lib/python3.6/site-packages/scipy/stats/stats.py:3845: PearsonRConstantInputWarning: An input array is constant; the correlation coefficent is not defined.
  warnings.warn(PearsonRConstantInputWarning())
/home/1/16B14626/.local/lib/python3.6/site-packages/scipy/stats/stats.py:3845: PearsonRConstantInputWarning: An input array is constant; the correlation coefficent is not defined.
  warnings.warn(PearsonRConstantInputWarning())
/home/1/16B14626/.local/lib/python3.6/site-packages/scipy/stats/stats.py:3845: PearsonRConstantInputWarning: An input array is constant; the correlation coefficent is not defined.
  warnings.warn(PearsonRConstantInputWarning())
/home/1/16B14626/.local/lib/python3.6/site-packages/scipy/stats/stats.py:3845: PearsonRConstantInputWarning: An input array is constant; the correlation coefficent is not defined.
  warnings.warn(PearsonRConstantInputWarning())
/home/1/16B14626/.local/lib/python3.6/site-packages/scipy/stats/stats.py:3845: PearsonRConstantInputWarning: An input array is constant; the correlation coefficent is not defined.
  warnings.warn(PearsonRConstantInputWarning())
/home/1/16B14626/.local/lib/python3.6/site-packages/scipy/stats/stats.py:3845: PearsonRConstantInputWarning: An input array is constant; the correlation coefficent is not defined.
  warnings.warn(PearsonRConstantInputWarning())
/home/1/16B14626/.local/lib/python3.6/site-packages/scipy/stats/stats.py:3845: PearsonRConstantInputWarning: An input array is constant; the correlation coefficent is not defined.
  warnings.warn(PearsonRConstantInputWarning())
/home/1/16B14626/.local/lib/python3.6/site-packages/scipy/stats/stats.py:3845: PearsonRConstantInputWarning: An input array is constant; the correlation coefficent is not defined.
  warnings.warn(PearsonRConstantInputWarning())
/home/1/16B14626/.local/lib/python3.6/site-packages/scipy/stats/stats.py:3845: PearsonRConstantInputWarning: An input array is constant; the correlation coefficent is not defined.
  warnings.warn(PearsonRConstantInputWarning())
/home/1/16B14626/.local/lib/python3.6/site-packages/scipy/stats/stats.py:3845: PearsonRConstantInputWarning: An input array is constant; the correlation coefficent is not defined.
  warnings.warn(PearsonRConstantInputWarning())
/home/1/16B14626/.local/lib/python3.6/site-packages/scipy/stats/stats.py:3845: PearsonRConstantInputWarning: An input array is constant; the correlation coefficent is not defined.
  warnings.warn(PearsonRConstantInputWarning())
/home/1/16B14626/.local/lib/python3.6/site-packages/scipy/stats/stats.py:3845: PearsonRConstantInputWarning: An input array is constant; the correlation coefficent is not defined.
  warnings.warn(PearsonRConstantInputWarning())
/home/1/16B14626/.local/lib/python3.6/site-packages/scipy/stats/stats.py:3845: PearsonRConstantInputWarning: An input array is constant; the correlation coefficent is not defined.
  warnings.warn(PearsonRConstantInputWarning())
/home/1/16B14626/.local/lib/python3.6/site-packages/scipy/stats/stats.py:3845: PearsonRConstantInputWarning: An input array is constant; the correlation coefficent is not defined.
  warnings.warn(PearsonRConstantInputWarning())
/home/1/16B14626/.local/lib/python3.6/site-packages/scipy/stats/stats.py:3845: PearsonRConstantInputWarning: An input array is constant; the correlation coefficent is not defined.
  warnings.warn(PearsonRConstantInputWarning())
/home/1/16B14626/.local/lib/python3.6/site-packages/scipy/stats/stats.py:3845: PearsonRConstantInputWarning: An input array is constant; the correlation coefficent is not defined.
  warnings.warn(PearsonRConstantInputWarning())
/home/1/16B14626/.local/lib/python3.6/site-packages/scipy/stats/stats.py:3845: PearsonRConstantInputWarning: An input array is constant; the correlation coefficent is not defined.
  warnings.warn(PearsonRConstantInputWarning())
/home/1/16B14626/.local/lib/python3.6/site-packages/scipy/stats/stats.py:3845: PearsonRConstantInputWarning: An input array is constant; the correlation coefficent is not defined.
  warnings.warn(PearsonRConstantInputWarning())
/home/1/16B14626/.local/lib/python3.6/site-packages/scipy/stats/stats.py:3845: PearsonRConstantInputWarning: An input array is constant; the correlation coefficent is not defined.
  warnings.warn(PearsonRConstantInputWarning())
/home/1/16B14626/.local/lib/python3.6/site-packages/scipy/stats/stats.py:3845: PearsonRConstantInputWarning: An input array is constant; the correlation coefficent is not defined.
  warnings.warn(PearsonRConstantInputWarning())
