[1,3]<stdout>:os.cpu_count():56
[1,3]<stdout>:len(os.sched_getaffinity(0)):56
[1,0]<stdout>:os.cpu_count():56
[1,0]<stdout>:len(os.sched_getaffinity(0)):56
[1,1]<stdout>:os.cpu_count():56
[1,2]<stdout>:os.cpu_count():56
[1,1]<stdout>:len(os.sched_getaffinity(0)):56
[1,2]<stdout>:len(os.sched_getaffinity(0)):56
[1,3]<stdout>:input_size:50000
[1,3]<stdout>:
[1,2]<stdout>:input_size:50000
[1,2]<stdout>:
[1,0]<stdout>:input_size:50000
[1,0]<stdout>:
[1,1]<stdout>:input_size:50000
[1,1]<stdout>:
[1,3]<stdout>:batch_size:40,num_workers:4 
[1,3]<stdout>:
[1,1]<stdout>:batch_size:40,num_workers:4 
[1,1]<stdout>:
[1,0]<stdout>:batch_size:40,num_workers:4 
[1,0]<stdout>:
[1,2]<stdout>:batch_size:40,num_workers:4 
[1,2]<stdout>:
[1,3]<stdout>:Let's use 4 GPUs!
[1,1]<stdout>:Let's use 4 GPUs!
[1,2]<stdout>:Let's use 4 GPUs!
[1,0]<stdout>:Let's use 4 GPUs!
[1,5]<stdout>:os.cpu_count():56
[1,5]<stdout>:len(os.sched_getaffinity(0)):56
[1,3]<stdout>:os.cpu_count():56
[1,3]<stdout>:len(os.sched_getaffinity(0)):56
[1,4]<stdout>:os.cpu_count():56
[1,4]<stdout>:len(os.sched_getaffinity(0)):56
[1,7]<stdout>:os.cpu_count():56
[1,7]<stdout>:len(os.sched_getaffinity(0)):56
[1,6]<stdout>:os.cpu_count():56
[1,6]<stdout>:len(os.sched_getaffinity(0)):56
[1,0]<stdout>:os.cpu_count():56
[1,0]<stdout>:len(os.sched_getaffinity(0)):56
[1,1]<stdout>:os.cpu_count():56
[1,1]<stdout>:len(os.sched_getaffinity(0)):56
[1,2]<stdout>:os.cpu_count():56
[1,2]<stdout>:len(os.sched_getaffinity(0)):56
[1,3]<stdout>:input_size:50000
[1,3]<stdout>:
[1,0]<stdout>:input_size:50000
[1,0]<stdout>:
[1,1]<stdout>:input_size:50000
[1,1]<stdout>:
[1,2]<stdout>:input_size:50000
[1,2]<stdout>:
os.cpu_count():56
len(os.sched_getaffinity(0)):56
input_size:50000

batch_size:40,num_workers:4 

Let's use 4 GPUs!
